2025-11-29 02:47:02 - naive_bayes_numpy - INFO - Initialized NaiveBayesNumpy with 10 bins, alpha=1.0
2025-11-29 02:47:02 - naive_bayes_numpy - INFO - ============================================================
2025-11-29 02:47:02 - naive_bayes_numpy - INFO - TRAINING NUMPY NAIVE BAYES CLASSIFIER
2025-11-29 02:47:02 - naive_bayes_numpy - INFO - ============================================================
2025-11-29 02:47:02 - naive_bayes_numpy - INFO - Training samples: 112
2025-11-29 02:47:02 - naive_bayes_numpy - INFO - Features: 4
2025-11-29 02:47:02 - naive_bayes_numpy - INFO - Classes: [0 1 2]
2025-11-29 02:47:02 - naive_bayes_numpy - INFO - Number of classes: 3
2025-11-29 02:47:02 - naive_bayes_numpy - INFO - 
--- Step 1: Calculating Class Priors ---
2025-11-29 02:47:02 - naive_bayes_numpy - INFO - P(class=0) = 0.3750 (42/112 samples)
2025-11-29 02:47:02 - naive_bayes_numpy - INFO - P(class=1) = 0.3125 (35/112 samples)
2025-11-29 02:47:02 - naive_bayes_numpy - INFO - P(class=2) = 0.3125 (35/112 samples)
2025-11-29 02:47:02 - naive_bayes_numpy - INFO - 
--- Step 2: Building Histograms and Calculating Likelihoods ---
2025-11-29 02:47:02 - naive_bayes_numpy - INFO - 
Class 0 (42 samples):
2025-11-29 02:47:02 - naive_bayes_numpy - DEBUG -   Feature 0, Bin 0: count=8, P(f0=0|c=0)=0.1731
2025-11-29 02:47:02 - naive_bayes_numpy - DEBUG -   Feature 0, Bin 1: count=17, P(f0=1|c=0)=0.3462
2025-11-29 02:47:02 - naive_bayes_numpy - DEBUG -   Feature 0, Bin 2: count=9, P(f0=2|c=0)=0.1923
2025-11-29 02:47:02 - naive_bayes_numpy - DEBUG -   Feature 0, Bin 3: count=8, P(f0=3|c=0)=0.1731
2025-11-29 02:47:02 - naive_bayes_numpy - INFO -   Feature 0: histogram built with 10 bins
2025-11-29 02:47:02 - naive_bayes_numpy - DEBUG -   Feature 1, Bin 3: count=1, P(f1=3|c=0)=0.0385
2025-11-29 02:47:02 - naive_bayes_numpy - DEBUG -   Feature 1, Bin 4: count=9, P(f1=4|c=0)=0.1923
2025-11-29 02:47:02 - naive_bayes_numpy - DEBUG -   Feature 1, Bin 5: count=15, P(f1=5|c=0)=0.3077
2025-11-29 02:47:02 - naive_bayes_numpy - DEBUG -   Feature 1, Bin 6: count=8, P(f1=6|c=0)=0.1731
2025-11-29 02:47:02 - naive_bayes_numpy - DEBUG -   Feature 1, Bin 7: count=6, P(f1=7|c=0)=0.1346
2025-11-29 02:47:02 - naive_bayes_numpy - DEBUG -   Feature 1, Bin 8: count=1, P(f1=8|c=0)=0.0385
2025-11-29 02:47:02 - naive_bayes_numpy - DEBUG -   Feature 1, Bin 9: count=2, P(f1=9|c=0)=0.0577
2025-11-29 02:47:02 - naive_bayes_numpy - INFO -   Feature 1: histogram built with 10 bins
2025-11-29 02:47:02 - naive_bayes_numpy - DEBUG -   Feature 2, Bin 0: count=31, P(f2=0|c=0)=0.6154
2025-11-29 02:47:02 - naive_bayes_numpy - DEBUG -   Feature 2, Bin 1: count=11, P(f2=1|c=0)=0.2308
2025-11-29 02:47:02 - naive_bayes_numpy - INFO -   Feature 2: histogram built with 10 bins
2025-11-29 02:47:02 - naive_bayes_numpy - DEBUG -   Feature 3, Bin 0: count=34, P(f3=0|c=0)=0.6731
2025-11-29 02:47:02 - naive_bayes_numpy - DEBUG -   Feature 3, Bin 1: count=7, P(f3=1|c=0)=0.1538
2025-11-29 02:47:02 - naive_bayes_numpy - DEBUG -   Feature 3, Bin 2: count=1, P(f3=2|c=0)=0.0385
2025-11-29 02:47:02 - naive_bayes_numpy - INFO -   Feature 3: histogram built with 10 bins
2025-11-29 02:47:02 - naive_bayes_numpy - INFO - 
Class 1 (35 samples):
2025-11-29 02:47:02 - naive_bayes_numpy - DEBUG -   Feature 0, Bin 1: count=2, P(f0=1|c=1)=0.0667
2025-11-29 02:47:02 - naive_bayes_numpy - DEBUG -   Feature 0, Bin 2: count=1, P(f0=2|c=1)=0.0444
2025-11-29 02:47:02 - naive_bayes_numpy - DEBUG -   Feature 0, Bin 3: count=12, P(f0=3|c=1)=0.2889
2025-11-29 02:47:02 - naive_bayes_numpy - DEBUG -   Feature 0, Bin 4: count=7, P(f0=4|c=1)=0.1778
2025-11-29 02:47:02 - naive_bayes_numpy - DEBUG -   Feature 0, Bin 5: count=7, P(f0=5|c=1)=0.1778
2025-11-29 02:47:02 - naive_bayes_numpy - DEBUG -   Feature 0, Bin 6: count=6, P(f0=6|c=1)=0.1556
2025-11-29 02:47:02 - naive_bayes_numpy - INFO -   Feature 0: histogram built with 10 bins
2025-11-29 02:47:02 - naive_bayes_numpy - DEBUG -   Feature 1, Bin 0: count=3, P(f1=0|c=1)=0.0889
2025-11-29 02:47:02 - naive_bayes_numpy - DEBUG -   Feature 1, Bin 1: count=4, P(f1=1|c=1)=0.1111
2025-11-29 02:47:02 - naive_bayes_numpy - DEBUG -   Feature 1, Bin 2: count=8, P(f1=2|c=1)=0.2000
2025-11-29 02:47:02 - naive_bayes_numpy - DEBUG -   Feature 1, Bin 3: count=9, P(f1=3|c=1)=0.2222
2025-11-29 02:47:02 - naive_bayes_numpy - DEBUG -   Feature 1, Bin 4: count=7, P(f1=4|c=1)=0.1778
2025-11-29 02:47:02 - naive_bayes_numpy - DEBUG -   Feature 1, Bin 5: count=4, P(f1=5|c=1)=0.1111
2025-11-29 02:47:02 - naive_bayes_numpy - INFO -   Feature 1: histogram built with 10 bins
2025-11-29 02:47:02 - naive_bayes_numpy - DEBUG -   Feature 2, Bin 3: count=2, P(f2=3|c=1)=0.0667
2025-11-29 02:47:02 - naive_bayes_numpy - DEBUG -   Feature 2, Bin 4: count=6, P(f2=4|c=1)=0.1556
2025-11-29 02:47:02 - naive_bayes_numpy - DEBUG -   Feature 2, Bin 5: count=17, P(f2=5|c=1)=0.4000
2025-11-29 02:47:02 - naive_bayes_numpy - DEBUG -   Feature 2, Bin 6: count=10, P(f2=6|c=1)=0.2444
2025-11-29 02:47:02 - naive_bayes_numpy - INFO -   Feature 2: histogram built with 10 bins
2025-11-29 02:47:02 - naive_bayes_numpy - DEBUG -   Feature 3, Bin 3: count=5, P(f3=3|c=1)=0.1333
2025-11-29 02:47:02 - naive_bayes_numpy - DEBUG -   Feature 3, Bin 4: count=6, P(f3=4|c=1)=0.1556
2025-11-29 02:47:02 - naive_bayes_numpy - DEBUG -   Feature 3, Bin 5: count=19, P(f3=5|c=1)=0.4444
2025-11-29 02:47:02 - naive_bayes_numpy - DEBUG -   Feature 3, Bin 6: count=4, P(f3=6|c=1)=0.1111
2025-11-29 02:47:02 - naive_bayes_numpy - DEBUG -   Feature 3, Bin 7: count=1, P(f3=7|c=1)=0.0444
2025-11-29 02:47:02 - naive_bayes_numpy - INFO -   Feature 3: histogram built with 10 bins
2025-11-29 02:47:02 - naive_bayes_numpy - INFO - 
Class 2 (35 samples):
2025-11-29 02:47:02 - naive_bayes_numpy - DEBUG -   Feature 0, Bin 3: count=1, P(f0=3|c=2)=0.0444
2025-11-29 02:47:02 - naive_bayes_numpy - DEBUG -   Feature 0, Bin 4: count=5, P(f0=4|c=2)=0.1333
2025-11-29 02:47:02 - naive_bayes_numpy - DEBUG -   Feature 0, Bin 5: count=13, P(f0=5|c=2)=0.3111
2025-11-29 02:47:02 - naive_bayes_numpy - DEBUG -   Feature 0, Bin 6: count=6, P(f0=6|c=2)=0.1556
2025-11-29 02:47:02 - naive_bayes_numpy - DEBUG -   Feature 0, Bin 7: count=2, P(f0=7|c=2)=0.0667
2025-11-29 02:47:02 - naive_bayes_numpy - DEBUG -   Feature 0, Bin 8: count=2, P(f0=8|c=2)=0.0667
2025-11-29 02:47:02 - naive_bayes_numpy - DEBUG -   Feature 0, Bin 9: count=6, P(f0=9|c=2)=0.1556
2025-11-29 02:47:02 - naive_bayes_numpy - INFO -   Feature 0: histogram built with 10 bins
2025-11-29 02:47:02 - naive_bayes_numpy - DEBUG -   Feature 1, Bin 0: count=1, P(f1=0|c=2)=0.0444
2025-11-29 02:47:02 - naive_bayes_numpy - DEBUG -   Feature 1, Bin 2: count=9, P(f1=2|c=2)=0.2222
2025-11-29 02:47:02 - naive_bayes_numpy - DEBUG -   Feature 1, Bin 3: count=6, P(f1=3|c=2)=0.1556
2025-11-29 02:47:02 - naive_bayes_numpy - DEBUG -   Feature 1, Bin 4: count=9, P(f1=4|c=2)=0.2222
2025-11-29 02:47:02 - naive_bayes_numpy - DEBUG -   Feature 1, Bin 5: count=7, P(f1=5|c=2)=0.1778
2025-11-29 02:47:02 - naive_bayes_numpy - DEBUG -   Feature 1, Bin 6: count=1, P(f1=6|c=2)=0.0444
2025-11-29 02:47:02 - naive_bayes_numpy - DEBUG -   Feature 1, Bin 7: count=2, P(f1=7|c=2)=0.0667
2025-11-29 02:47:02 - naive_bayes_numpy - INFO -   Feature 1: histogram built with 10 bins
2025-11-29 02:47:02 - naive_bayes_numpy - DEBUG -   Feature 2, Bin 6: count=13, P(f2=6|c=2)=0.3111
2025-11-29 02:47:02 - naive_bayes_numpy - DEBUG -   Feature 2, Bin 7: count=10, P(f2=7|c=2)=0.2444
2025-11-29 02:47:02 - naive_bayes_numpy - DEBUG -   Feature 2, Bin 8: count=7, P(f2=8|c=2)=0.1778
2025-11-29 02:47:02 - naive_bayes_numpy - DEBUG -   Feature 2, Bin 9: count=5, P(f2=9|c=2)=0.1333
2025-11-29 02:47:02 - naive_bayes_numpy - INFO -   Feature 2: histogram built with 10 bins
2025-11-29 02:47:02 - naive_bayes_numpy - DEBUG -   Feature 3, Bin 5: count=3, P(f3=5|c=2)=0.0889
2025-11-29 02:47:02 - naive_bayes_numpy - DEBUG -   Feature 3, Bin 7: count=15, P(f3=7|c=2)=0.3556
2025-11-29 02:47:02 - naive_bayes_numpy - DEBUG -   Feature 3, Bin 8: count=6, P(f3=8|c=2)=0.1556
2025-11-29 02:47:02 - naive_bayes_numpy - DEBUG -   Feature 3, Bin 9: count=11, P(f3=9|c=2)=0.2667
2025-11-29 02:47:02 - naive_bayes_numpy - INFO -   Feature 3: histogram built with 10 bins
2025-11-29 02:47:02 - naive_bayes_numpy - INFO - 
--- Training Complete ---
2025-11-29 02:47:02 - naive_bayes_numpy - INFO - Class priors shape: (3,)
2025-11-29 02:47:02 - naive_bayes_numpy - INFO - Feature likelihoods shape: (3, 4, 10)
2025-11-29 02:47:02 - naive_bayes_numpy - INFO - ============================================================
2025-11-29 02:47:02 - naive_bayes_numpy - INFO - PREDICTION PHASE
2025-11-29 02:47:02 - naive_bayes_numpy - INFO - ============================================================
2025-11-29 02:47:02 - naive_bayes_numpy - INFO - Predicting 112 samples
2025-11-29 02:47:02 - naive_bayes_numpy - INFO - 
Sample 0: [5 3 6 4]
2025-11-29 02:47:02 - naive_bayes_numpy - INFO -   log P(class=0|features) = -16.0927
2025-11-29 02:47:02 - naive_bayes_numpy - INFO -   log P(class=1|features) = -7.6640
2025-11-29 02:47:02 - naive_bayes_numpy - INFO -   log P(class=2|features) = -9.1658
2025-11-29 02:47:02 - naive_bayes_numpy - INFO -   -> Predicted class: 1
2025-11-29 02:47:02 - naive_bayes_numpy - INFO - 
Sample 1: [3 7 1 0]
2025-11-29 02:47:02 - naive_bayes_numpy - INFO -   log P(class=0|features) = -6.6024
2025-11-29 02:47:02 - naive_bayes_numpy - INFO -   log P(class=1|features) = -13.8249
2025-11-29 02:47:02 - naive_bayes_numpy - INFO -   log P(class=2|features) = -14.5980
2025-11-29 02:47:02 - naive_bayes_numpy - INFO -   -> Predicted class: 0
2025-11-29 02:47:02 - naive_bayes_numpy - INFO - 
Sample 2: [9 2 9 9]
2025-11-29 02:47:02 - naive_bayes_numpy - INFO -   log P(class=0|features) = -16.7858
2025-11-29 02:47:02 - naive_bayes_numpy - INFO -   log P(class=1|features) = -14.1926
2025-11-29 02:47:02 - naive_bayes_numpy - INFO -   log P(class=2|features) = -7.8646
2025-11-29 02:47:02 - naive_bayes_numpy - INFO -   -> Predicted class: 2
2025-11-29 02:47:02 - naive_bayes_numpy - INFO - 
Sample 3: [4 3 5 5]
2025-11-29 02:47:02 - naive_bayes_numpy - INFO -   log P(class=0|features) = -16.0927
2025-11-29 02:47:02 - naive_bayes_numpy - INFO -   log P(class=1|features) = -6.1217
2025-11-29 02:47:02 - naive_bayes_numpy - INFO -   log P(class=2|features) = -11.2658
2025-11-29 02:47:02 - naive_bayes_numpy - INFO -   -> Predicted class: 1
2025-11-29 02:47:02 - naive_bayes_numpy - INFO - 
Sample 4: [6 3 6 5]
2025-11-29 02:47:02 - naive_bayes_numpy - INFO -   log P(class=0|features) = -16.0927
2025-11-29 02:47:02 - naive_bayes_numpy - INFO -   log P(class=1|features) = -6.7477
2025-11-29 02:47:02 - naive_bayes_numpy - INFO -   log P(class=2|features) = -8.4726
2025-11-29 02:47:02 - naive_bayes_numpy - INFO -   -> Predicted class: 1
2025-11-29 02:47:02 - naive_bayes_numpy - INFO - 
Prediction complete: 112 samples predicted
2025-11-29 02:47:02 - naive_bayes_numpy - INFO - Prediction distribution:
2025-11-29 02:47:02 - naive_bayes_numpy - INFO -   Class 0: 42 predictions
2025-11-29 02:47:02 - naive_bayes_numpy - INFO -   Class 1: 36 predictions
2025-11-29 02:47:02 - naive_bayes_numpy - INFO -   Class 2: 34 predictions
2025-11-29 02:47:02 - naive_bayes_numpy - INFO - Accuracy: 97.32%
2025-11-29 02:47:02 - naive_bayes_numpy - INFO - ============================================================
2025-11-29 02:47:02 - naive_bayes_numpy - INFO - PREDICTION PHASE
2025-11-29 02:47:02 - naive_bayes_numpy - INFO - ============================================================
2025-11-29 02:47:02 - naive_bayes_numpy - INFO - Predicting 38 samples
2025-11-29 02:47:02 - naive_bayes_numpy - INFO - 
Sample 0: [7 5 6 5]
2025-11-29 02:47:02 - naive_bayes_numpy - INFO -   log P(class=0|features) = -14.0132
2025-11-29 02:47:02 - naive_bayes_numpy - INFO -   log P(class=1|features) = -9.3867
2025-11-29 02:47:02 - naive_bayes_numpy - INFO -   log P(class=2|features) = -9.1864
2025-11-29 02:47:02 - naive_bayes_numpy - INFO -   -> Predicted class: 2
2025-11-29 02:47:02 - naive_bayes_numpy - INFO - 
Sample 1: [5 5 7 9]
2025-11-29 02:47:02 - naive_bayes_numpy - INFO -   log P(class=0|features) = -14.0132
2025-11-29 02:47:02 - naive_bayes_numpy - INFO -   log P(class=1|features) = -12.7009
2025-11-29 02:47:02 - naive_bayes_numpy - INFO -   log P(class=2|features) = -6.7885
2025-11-29 02:47:02 - naive_bayes_numpy - INFO -   -> Predicted class: 2
2025-11-29 02:47:02 - naive_bayes_numpy - INFO - 
Sample 2: [2 7 1 0]
2025-11-29 02:47:02 - naive_bayes_numpy - INFO -   log P(class=0|features) = -6.4971
2025-11-29 02:47:02 - naive_bayes_numpy - INFO -   log P(class=1|features) = -15.6967
2025-11-29 02:47:02 - naive_bayes_numpy - INFO -   log P(class=2|features) = -15.2912
2025-11-29 02:47:02 - naive_bayes_numpy - INFO -   -> Predicted class: 0
2025-11-29 02:47:02 - naive_bayes_numpy - INFO - 
Sample 3: [7 4 7 8]
2025-11-29 02:47:02 - naive_bayes_numpy - INFO -   log P(class=0|features) = -14.4832
2025-11-29 02:47:02 - naive_bayes_numpy - INFO -   log P(class=1|features) = -14.3104
2025-11-29 02:47:02 - naive_bayes_numpy - INFO -   log P(class=2|features) = -8.6448
2025-11-29 02:47:02 - naive_bayes_numpy - INFO -   -> Predicted class: 2
2025-11-29 02:47:02 - naive_bayes_numpy - INFO - 
Sample 4: [4 4 5 5]
2025-11-29 02:47:02 - naive_bayes_numpy - INFO -   log P(class=0|features) = -14.4832
2025-11-29 02:47:02 - naive_bayes_numpy - INFO -   log P(class=1|features) = -6.3448
2025-11-29 02:47:02 - naive_bayes_numpy - INFO -   log P(class=2|features) = -10.9092
2025-11-29 02:47:02 - naive_bayes_numpy - INFO -   -> Predicted class: 1
2025-11-29 02:47:02 - naive_bayes_numpy - INFO - 
Prediction complete: 38 samples predicted
2025-11-29 02:47:02 - naive_bayes_numpy - INFO - Prediction distribution:
2025-11-29 02:47:02 - naive_bayes_numpy - INFO -   Class 0: 8 predictions
2025-11-29 02:47:02 - naive_bayes_numpy - INFO -   Class 1: 15 predictions
2025-11-29 02:47:02 - naive_bayes_numpy - INFO -   Class 2: 15 predictions
2025-11-29 02:47:02 - naive_bayes_numpy - INFO - ============================================================
2025-11-29 02:47:02 - naive_bayes_numpy - INFO - GENERATING HISTOGRAM VISUALIZATIONS
2025-11-29 02:47:02 - naive_bayes_numpy - INFO - ============================================================
2025-11-29 02:47:02 - naive_bayes_numpy - INFO - Plotting feature histograms...
2025-11-29 02:47:02 - naive_bayes_numpy - INFO - Plotting class priors...
2025-11-29 02:47:02 - naive_bayes_numpy - INFO - Histogram visualizations complete
2025-11-29 02:47:02 - naive_bayes_numpy - INFO - Plots saved to output/
2025-11-29 02:47:03 - naive_bayes_numpy - INFO - ============================================================
2025-11-29 02:47:03 - naive_bayes_numpy - INFO - PREDICTION PHASE
2025-11-29 02:47:03 - naive_bayes_numpy - INFO - ============================================================
2025-11-29 02:47:03 - naive_bayes_numpy - INFO - Predicting 112 samples
2025-11-29 02:47:03 - naive_bayes_numpy - INFO - 
Sample 0: [5 3 6 4]
2025-11-29 02:47:03 - naive_bayes_numpy - INFO -   log P(class=0|features) = -16.0927
2025-11-29 02:47:03 - naive_bayes_numpy - INFO -   log P(class=1|features) = -7.6640
2025-11-29 02:47:03 - naive_bayes_numpy - INFO -   log P(class=2|features) = -9.1658
2025-11-29 02:47:03 - naive_bayes_numpy - INFO -   -> Predicted class: 1
2025-11-29 02:47:03 - naive_bayes_numpy - INFO - 
Sample 1: [3 7 1 0]
2025-11-29 02:47:03 - naive_bayes_numpy - INFO -   log P(class=0|features) = -6.6024
2025-11-29 02:47:03 - naive_bayes_numpy - INFO -   log P(class=1|features) = -13.8249
2025-11-29 02:47:03 - naive_bayes_numpy - INFO -   log P(class=2|features) = -14.5980
2025-11-29 02:47:03 - naive_bayes_numpy - INFO -   -> Predicted class: 0
2025-11-29 02:47:03 - naive_bayes_numpy - INFO - 
Sample 2: [9 2 9 9]
2025-11-29 02:47:03 - naive_bayes_numpy - INFO -   log P(class=0|features) = -16.7858
2025-11-29 02:47:03 - naive_bayes_numpy - INFO -   log P(class=1|features) = -14.1926
2025-11-29 02:47:03 - naive_bayes_numpy - INFO -   log P(class=2|features) = -7.8646
2025-11-29 02:47:03 - naive_bayes_numpy - INFO -   -> Predicted class: 2
2025-11-29 02:47:03 - naive_bayes_numpy - INFO - 
Sample 3: [4 3 5 5]
2025-11-29 02:47:03 - naive_bayes_numpy - INFO -   log P(class=0|features) = -16.0927
2025-11-29 02:47:03 - naive_bayes_numpy - INFO -   log P(class=1|features) = -6.1217
2025-11-29 02:47:03 - naive_bayes_numpy - INFO -   log P(class=2|features) = -11.2658
2025-11-29 02:47:03 - naive_bayes_numpy - INFO -   -> Predicted class: 1
2025-11-29 02:47:03 - naive_bayes_numpy - INFO - 
Sample 4: [6 3 6 5]
2025-11-29 02:47:03 - naive_bayes_numpy - INFO -   log P(class=0|features) = -16.0927
2025-11-29 02:47:03 - naive_bayes_numpy - INFO -   log P(class=1|features) = -6.7477
2025-11-29 02:47:03 - naive_bayes_numpy - INFO -   log P(class=2|features) = -8.4726
2025-11-29 02:47:03 - naive_bayes_numpy - INFO -   -> Predicted class: 1
2025-11-29 02:47:03 - naive_bayes_numpy - INFO - 
Prediction complete: 112 samples predicted
2025-11-29 02:47:03 - naive_bayes_numpy - INFO - Prediction distribution:
2025-11-29 02:47:03 - naive_bayes_numpy - INFO -   Class 0: 42 predictions
2025-11-29 02:47:03 - naive_bayes_numpy - INFO -   Class 1: 36 predictions
2025-11-29 02:47:03 - naive_bayes_numpy - INFO -   Class 2: 34 predictions
